<?xml version="1.0" encoding="UTF-8"?>
<testsuites>
  <testsuite name="Starting_flow_imdb_250_movies_chart_page" timestamp="2020-05-13T15:55:30" time="43.636" tests="8" failures="0" errors="0" skipped="0">
    <properties>
      <property name="specId" value="0"/>
      <property name="suiteName" value="Starting flow - imdb 250 movies chart page: "/>
      <property name="capabilities" value="chrome.81_0_4044_138.macosx"/>
      <property name="file" value="./test/specs/imdb250Chart.spec.js"/>
    </properties>
    <testcase classname="chrome.81_0_4044_138.macosx.Starting_flow_imdb_250_movies_chart_page" name="should_open_browser_and_go_to_IMDB_250_Top_Rated_Moveis_page" time="2.66"/>
    <testcase classname="chrome.81_0_4044_138.macosx.Starting_flow_imdb_250_movies_chart_page" name="should_sign_in_from_Top_250_page" time="7.385"/>
    <testcase classname="chrome.81_0_4044_138.macosx.Starting_flow_imdb_250_movies_chart_page" name="should_verify_Top_Rated_Moveis_page_headings_heading_body_texts_and_labels" time="0.208"/>
    <testcase classname="chrome.81_0_4044_138.macosx.Starting_flow_imdb_250_movies_chart_page" name="should_sort_movies_in_Descending_and_Ascending_order" time="0.459"/>
    <testcase classname="chrome.81_0_4044_138.macosx.Starting_flow_imdb_250_movies_chart_page" name="should_rate_and_unrate_the_first_movie_on_the_250_list" time="8.484"/>
    <testcase classname="chrome.81_0_4044_138.macosx.Starting_flow_imdb_250_movies_chart_page" name="should_add_and_remove_a_movie_to_from_watchlist" time="18.462"/>
    <testcase classname="chrome.81_0_4044_138.macosx.Starting_flow_imdb_250_movies_chart_page" name="should_navigate_to_first_movie_and_back_to_Top_250_page" time="3.033"/>
    <testcase classname="chrome.81_0_4044_138.macosx.Starting_flow_imdb_250_movies_chart_page" name="should_sort_the_list_of_250_movies_based_on_different_rankings_available_in_dropdown" time="2.94"/>
  </testsuite>
</testsuites>