<?xml version="1.0" encoding="UTF-8"?>
<testsuites>
  <testsuite name="Starting_flow_imdb_250_movies_chart_page" timestamp="2020-05-12T17:01:54" time="41.784" tests="7" failures="0" errors="0" skipped="0">
    <properties>
      <property name="specId" value="0"/>
      <property name="suiteName" value="Starting flow - imdb 250 movies chart page: "/>
      <property name="capabilities" value="chrome.81_0_4044_138.macosx"/>
      <property name="file" value="./test/specs/imdb250Chart.spec.js"/>
    </properties>
    <testcase classname="chrome.81_0_4044_138.macosx.Starting_flow_imdb_250_movies_chart_page" name="should_open_browser_and_go_to_IMDB_250_Top_Rated_Moveis_page" time="3.202"/>
    <testcase classname="chrome.81_0_4044_138.macosx.Starting_flow_imdb_250_movies_chart_page" name="should_sign_in_from_Top_250_page" time="7.629"/>
    <testcase classname="chrome.81_0_4044_138.macosx.Starting_flow_imdb_250_movies_chart_page" name="should_verify_Top_Rated_Moveis_page_headings_heading_body_texts_and_labels" time="0.219"/>
    <testcase classname="chrome.81_0_4044_138.macosx.Starting_flow_imdb_250_movies_chart_page" name="should_sort_movies_in_Descending_and_Ascending_order" time="0.465"/>
    <testcase classname="chrome.81_0_4044_138.macosx.Starting_flow_imdb_250_movies_chart_page" name="should_rate_and_unrate_the_first_movie_on_the_250_list" time="9.047"/>
    <testcase classname="chrome.81_0_4044_138.macosx.Starting_flow_imdb_250_movies_chart_page" name="should_add_and_remove_a_movie_to_from_watchlist" time="18.202"/>
    <testcase classname="chrome.81_0_4044_138.macosx.Starting_flow_imdb_250_movies_chart_page" name="should_sort_the_list_of_250_movies_based_on_different_rankings_available_in_dropdown" time="3.015"/>
  </testsuite>
</testsuites>