<?xml version="1.0" encoding="UTF-8"?>
<testsuites>
  <testsuite name="navigating_to_imdb_page" timestamp="2020-05-12T14:10:17" time="8.303" tests="7" failures="0" errors="0" skipped="0">
    <properties>
      <property name="specId" value="0"/>
      <property name="suiteName" value="navigating to imdb page"/>
      <property name="capabilities" value="chrome.81_0_4044_138.macosx"/>
      <property name="file" value="./test/specs/signIn.spec.js"/>
    </properties>
    <testcase classname="chrome.81_0_4044_138.macosx.navigating_to_imdb_page" name="should_open_browser_and_go_to_IMDB_home" time="4.036"/>
    <testcase classname="chrome.81_0_4044_138.macosx.navigating_to_imdb_page" name="should_verify_page_title" time="0.011"/>
    <testcase classname="chrome.81_0_4044_138.macosx.navigating_to_imdb_page" name="should_click_Sign_in_button" time="1.178"/>
    <testcase classname="chrome.81_0_4044_138.macosx.navigating_to_imdb_page" name="should_click_Sign_in_with_Google_button" time="0.58"/>
    <testcase classname="chrome.81_0_4044_138.macosx.navigating_to_imdb_page" name="should_enter_Email_to_sign_in" time="0.178"/>
    <testcase classname="chrome.81_0_4044_138.macosx.navigating_to_imdb_page" name="should_enter_Password_to_sign_in" time="0.085"/>
    <testcase classname="chrome.81_0_4044_138.macosx.navigating_to_imdb_page" name="should_click_Submit_button" time="2.229"/>
  </testsuite>
</testsuites>